1 epoch: avg losses 2123775.4315 3744747.4597 0.0000 0.0000 validation accuracy 0.7164 F1 0.1654(macro) 0.6010(weighted) precision 0.1419 recall 0.1997 mcc 0.5918 elapsed 7.4525 seconds
2 epoch: avg losses 1871597.5504 1929791.0847 0.0000 0.0000 validation accuracy 0.8202 F1 0.2686(macro) 0.7520(weighted) precision 0.2511 recall 0.2939 mcc 0.7542 elapsed 2.0265 seconds
3 epoch: avg losses 1746980.1008 1178592.4899 0.0000 0.0000 validation accuracy 0.8544 F1 0.3549(macro) 0.8234(weighted) precision 0.3811 recall 0.3531 mcc 0.7940 elapsed 2.0718 seconds
4 epoch: avg losses 1644119.1956 793559.4103 0.0000 0.0000 validation accuracy 0.9213 F1 0.4482(macro) 0.9007(weighted) precision 0.4287 recall 0.4734 mcc 0.8897 elapsed 2.0549 seconds
5 epoch: avg losses 1583315.5302 563068.0842 0.0000 0.0000 validation accuracy 0.9284 F1 0.4557(macro) 0.9086(weighted) precision 0.4345 recall 0.4855 mcc 0.9004 elapsed 2.0573 seconds
6 epoch: avg losses 1542998.0444 454831.8805 0.0000 0.0000 validation accuracy 0.9301 F1 0.4696(macro) 0.9118(weighted) precision 0.4909 recall 0.4916 mcc 0.9025 elapsed 2.0311 seconds
7 epoch: avg losses 1521929.1411 378940.2288 0.0000 0.0000 validation accuracy 0.9458 F1 0.5887(macro) 0.9358(weighted) precision 0.6592 recall 0.5840 mcc 0.9242 elapsed 2.1589 seconds
8 epoch: avg losses 1508621.1512 311408.3059 0.0000 0.0000 validation accuracy 0.9517 F1 0.6422(macro) 0.9454(weighted) precision 0.6702 recall 0.6353 mcc 0.9324 elapsed 2.1035 seconds
9 epoch: avg losses 1497882.5282 264185.3634 0.0000 0.0000 validation accuracy 0.9623 F1 0.7477(macro) 0.9591(weighted) precision 0.7919 recall 0.7212 mcc 0.9470 elapsed 2.0850 seconds
10 epoch: avg losses 1488833.1895 224472.4556 0.0000 0.0000 validation accuracy 0.9617 F1 0.7434(macro) 0.9585(weighted) precision 0.7947 recall 0.7147 mcc 0.9461 elapsed 2.1645 seconds
11 epoch: avg losses 1482993.6351 192083.6935 0.0000 0.0000 validation accuracy 0.9667 F1 0.7668(macro) 0.9644(weighted) precision 0.7866 recall 0.7553 mcc 0.9532 elapsed 2.0321 seconds
12 epoch: avg losses 1478646.7137 162227.3221 0.0000 0.0000 validation accuracy 0.9676 F1 0.7817(macro) 0.9656(weighted) precision 0.8004 recall 0.7694 mcc 0.9545 elapsed 2.0566 seconds
13 epoch: avg losses 1475054.4940 141353.9711 0.0000 0.0000 validation accuracy 0.9682 F1 0.7787(macro) 0.9658(weighted) precision 0.8077 recall 0.7599 mcc 0.9552 elapsed 2.0576 seconds
14 epoch: avg losses 1471740.5766 119737.8353 0.0000 0.0000 validation accuracy 0.9726 F1 0.8390(macro) 0.9715(weighted) precision 0.9187 recall 0.8083 mcc 0.9615 elapsed 2.0925 seconds
15 epoch: avg losses 1469031.5968 103678.0912 0.0000 0.0000 validation accuracy 0.9720 F1 0.8444(macro) 0.9712(weighted) precision 0.9138 recall 0.8142 mcc 0.9607 elapsed 2.0610 seconds
16 epoch: avg losses 1466425.3387 91005.9715 0.0000 0.0000 validation accuracy 0.9729 F1 0.8439(macro) 0.9717(weighted) precision 0.9071 recall 0.8088 mcc 0.9619 elapsed 2.0681 seconds
17 epoch: avg losses 1464087.7399 80012.4543 0.0000 0.0000 validation accuracy 0.9746 F1 0.8735(macro) 0.9740(weighted) precision 0.9191 recall 0.8426 mcc 0.9644 elapsed 2.0576 seconds
18 epoch: avg losses 1461527.1794 70076.1826 0.0000 0.0000 validation accuracy 0.9773 F1 0.8945(macro) 0.9768(weighted) precision 0.9367 recall 0.8620 mcc 0.9681 elapsed 2.0860 seconds
19 epoch: avg losses 1459231.9012 61351.4773 0.0000 0.0000 validation accuracy 0.9749 F1 0.8717(macro) 0.9743(weighted) precision 0.9167 recall 0.8447 mcc 0.9648 elapsed 2.0533 seconds
20 epoch: avg losses 1457157.8165 56664.2096 0.0000 0.0000 validation accuracy 0.9779 F1 0.9076(macro) 0.9777(weighted) precision 0.9254 recall 0.8938 mcc 0.9689 elapsed 2.1237 seconds
21 epoch: avg losses 1454938.5766 50363.8610 0.0000 0.0000 validation accuracy 0.9782 F1 0.9089(macro) 0.9778(weighted) precision 0.9341 recall 0.8885 mcc 0.9693 elapsed 2.2200 seconds
22 epoch: avg losses 1452751.4315 42098.4861 0.0000 0.0000 validation accuracy 0.9764 F1 0.9067(macro) 0.9760(weighted) precision 0.9393 recall 0.8812 mcc 0.9669 elapsed 2.2116 seconds
23 epoch: avg losses 1450769.9335 38033.4377 0.0000 0.0000 validation accuracy 0.9770 F1 0.9054(macro) 0.9766(weighted) precision 0.9430 recall 0.8756 mcc 0.9677 elapsed 2.0906 seconds
24 epoch: avg losses 1448766.4516 34061.5629 0.0000 0.0000 validation accuracy 0.9752 F1 0.8967(macro) 0.9748(weighted) precision 0.9321 recall 0.8701 mcc 0.9652 elapsed 2.1592 seconds
25 epoch: avg losses 1446782.0968 29741.6344 0.0000 0.0000 validation accuracy 0.9773 F1 0.9133(macro) 0.9769(weighted) precision 0.9445 recall 0.8876 mcc 0.9681 elapsed 2.1510 seconds
26 epoch: avg losses 1444979.7581 26184.0245 0.0000 0.0000 validation accuracy 0.9761 F1 0.9084(macro) 0.9758(weighted) precision 0.9345 recall 0.8877 mcc 0.9665 elapsed 2.0750 seconds
27 epoch: avg losses 1443113.2964 23019.9794 0.0000 0.0000 validation accuracy 0.9761 F1 0.9067(macro) 0.9758(weighted) precision 0.9355 recall 0.8838 mcc 0.9665 elapsed 2.1474 seconds
28 epoch: avg losses 1441340.3690 20464.6300 0.0000 0.0000 validation accuracy 0.9761 F1 0.9045(macro) 0.9759(weighted) precision 0.9257 recall 0.8882 mcc 0.9665 elapsed 2.0782 seconds
29 epoch: avg losses 1439578.3992 18667.7944 0.0000 0.0000 validation accuracy 0.9758 F1 0.9063(macro) 0.9756(weighted) precision 0.9324 recall 0.8857 mcc 0.9661 elapsed 2.1695 seconds
30 epoch: avg losses 1438164.0060 16077.7785 0.0000 0.0000 validation accuracy 0.9761 F1 0.9052(macro) 0.9758(weighted) precision 0.9283 recall 0.8865 mcc 0.9665 elapsed 2.1536 seconds
31 epoch: avg losses 1436688.3891 13806.8193 0.0000 0.0000 validation accuracy 0.9764 F1 0.9093(macro) 0.9761(weighted) precision 0.9347 recall 0.8884 mcc 0.9669 elapsed 2.0867 seconds
32 epoch: avg losses 1435079.7440 11830.9807 0.0000 0.0000 validation accuracy 0.9761 F1 0.9099(macro) 0.9758(weighted) precision 0.9380 recall 0.8868 mcc 0.9665 elapsed 2.0929 seconds
33 epoch: avg losses 1433519.6613 10324.1534 0.0000 0.0000 validation accuracy 0.9761 F1 0.9095(macro) 0.9758(weighted) precision 0.9371 recall 0.8865 mcc 0.9665 elapsed 2.1275 seconds
34 epoch: avg losses 1432102.2601 9033.2243 0.0000 0.0000 validation accuracy 0.9758 F1 0.9099(macro) 0.9756(weighted) precision 0.9319 recall 0.8919 mcc 0.9660 elapsed 2.1159 seconds
35 epoch: avg losses 1430818.7883 8026.9031 0.0000 0.0000 validation accuracy 0.9764 F1 0.9102(macro) 0.9761(weighted) precision 0.9389 recall 0.8864 mcc 0.9669 elapsed 2.1625 seconds
36 epoch: avg losses 1429551.1895 7100.6966 0.0000 0.0000 validation accuracy 0.9764 F1 0.9105(macro) 0.9761(weighted) precision 0.9331 recall 0.8918 mcc 0.9669 elapsed 2.3309 seconds
37 epoch: avg losses 1428192.4032 6231.2193 0.0000 0.0000 validation accuracy 0.9761 F1 0.9100(macro) 0.9758(weighted) precision 0.9339 recall 0.8905 mcc 0.9665 elapsed 2.3827 seconds
38 epoch: avg losses 1426874.6492 5412.4964 0.0000 0.0000 validation accuracy 0.9755 F1 0.9050(macro) 0.9753(weighted) precision 0.9260 recall 0.8878 mcc 0.9656 elapsed 2.1423 seconds
39 epoch: avg losses 1425376.8004 4855.7122 0.0000 0.0000 validation accuracy 0.9758 F1 0.9058(macro) 0.9756(weighted) precision 0.9229 recall 0.8922 mcc 0.9661 elapsed 2.0300 seconds
40 epoch: avg losses 1424295.5323 4387.2112 0.0000 0.0000 validation accuracy 0.9752 F1 0.9053(macro) 0.9750(weighted) precision 0.9226 recall 0.8914 mcc 0.9652 elapsed 2.1275 seconds
41 epoch: avg losses 1423132.1935 4020.5033 0.0000 0.0000 validation accuracy 0.9752 F1 0.9053(macro) 0.9750(weighted) precision 0.9226 recall 0.8914 mcc 0.9652 elapsed 2.0557 seconds
42 epoch: avg losses 1422020.2782 3661.7941 0.0000 0.0000 validation accuracy 0.9755 F1 0.9055(macro) 0.9753(weighted) precision 0.9229 recall 0.8915 mcc 0.9656 elapsed 2.3059 seconds
43 epoch: avg losses 1420917.5625 3390.0755 0.0000 0.0000 validation accuracy 0.9752 F1 0.9038(macro) 0.9751(weighted) precision 0.9187 recall 0.8916 mcc 0.9652 elapsed 2.3993 seconds
44 epoch: avg losses 1419866.2742 3087.0161 0.0000 0.0000 validation accuracy 0.9752 F1 0.9038(macro) 0.9750(weighted) precision 0.9188 recall 0.8914 mcc 0.9652 elapsed 2.3536 seconds
45 epoch: avg losses 1418748.1734 2798.0770 0.0000 0.0000 validation accuracy 0.9746 F1 0.9028(macro) 0.9744(weighted) precision 0.9216 recall 0.8878 mcc 0.9644 elapsed 2.3338 seconds
46 epoch: avg losses 1417717.4879 2604.8549 0.0000 0.0000 validation accuracy 0.9749 F1 0.9041(macro) 0.9747(weighted) precision 0.9222 recall 0.8897 mcc 0.9648 elapsed 2.3487 seconds
47 epoch: avg losses 1416738.2157 2442.1451 0.0000 0.0000 validation accuracy 0.9746 F1 0.9020(macro) 0.9744(weighted) precision 0.9196 recall 0.8875 mcc 0.9644 elapsed 2.3336 seconds
48 epoch: avg losses 1415810.9617 2285.7822 0.0000 0.0000 validation accuracy 0.9749 F1 0.9023(macro) 0.9747(weighted) precision 0.9196 recall 0.8881 mcc 0.9648 elapsed 2.4537 seconds
49 epoch: avg losses 1414811.7581 2092.2380 0.0000 0.0000 validation accuracy 0.9746 F1 0.9038(macro) 0.9743(weighted) precision 0.9253 recall 0.8863 mcc 0.9644 elapsed 2.3205 seconds
50 epoch: avg losses 1413763.9395 1963.2834 0.0000 0.0000 validation accuracy 0.9744 F1 0.9025(macro) 0.9741(weighted) precision 0.9245 recall 0.8847 mcc 0.9640 elapsed 2.0997 seconds
best validation accuracy 0.9782
F1: 0.9089(macro) 0.9778(weighted) 
precision 0.9341 recall 0.8885 
mcc 0.9693
